[2026-03-28 09:53:13,530: INFO: main: WELCOME TO OUR CUSTOM LOGGING DATA SCIENCE]
[2026-03-28 14:48:12,570: INFO: common: yaml file: config\config.yaml loaded successfully]
[2026-03-28 14:48:12,607: INFO: common: yaml file: params.yaml loaded successfully]
[2026-03-28 14:50:12,309: INFO: common: yaml file: config\config.yaml loaded successfully]
[2026-03-28 14:50:12,333: INFO: common: yaml file: params.yaml loaded successfully]
[2026-03-28 14:50:12,333: INFO: common: yaml file: schema.yaml loaded successfully]
[2026-03-28 14:50:37,548: INFO: common: yaml file: config\config.yaml loaded successfully]
[2026-03-28 14:50:37,554: INFO: common: yaml file: params.yaml loaded successfully]
[2026-03-28 14:50:37,560: INFO: common: yaml file: schema.yaml loaded successfully]
[2026-03-28 14:50:37,654: INFO: common: created directory at: artifacts]
[2026-03-28 14:50:37,657: INFO: common: created directory at: artifacts/data_ingestion]
[2026-03-28 14:50:38,699: INFO: 3252249804: artifacts/data_ingestion/data.zip download! with following info: 
Connection: close
Content-Length: 23329
Cache-Control: max-age=300
Content-Security-Policy: default-src 'none'; style-src 'unsafe-inline'; sandbox
Content-Type: application/zip
ETag: "c69888a4ae59bc5a893392785a938ccd4937981c06ba8a9d6a21aa52b4ab5b6e"
Strict-Transport-Security: max-age=31536000
X-Content-Type-Options: nosniff
X-Frame-Options: deny
X-XSS-Protection: 1; mode=block
X-GitHub-Request-Id: 6AAC:9B5DD:D73C87:F5BC43:69C79D67
Accept-Ranges: bytes
Date: Sat, 28 Mar 2026 09:20:40 GMT
Via: 1.1 varnish
X-Served-By: cache-del-vibw2260034-DEL
X-Cache: MISS
X-Cache-Hits: 0
X-Timer: S1774689640.261930,VS0,VE318
Vary: Authorization,Accept-Encoding
Access-Control-Allow-Origin: *
Cross-Origin-Resource-Policy: cross-origin
X-Fastly-Request-ID: a290391e40b08edb47030cc3c172c1ccd49820ca
Expires: Sat, 28 Mar 2026 09:25:40 GMT
Source-Age: 0

]
[2026-03-28 16:20:24,750: INFO: main: >>>>>> stage Data Ingestion stage started <<<<<<]
[2026-03-28 16:20:24,755: INFO: common: yaml file: config\config.yaml loaded successfully]
[2026-03-28 16:20:24,778: INFO: common: yaml file: params.yaml loaded successfully]
[2026-03-28 16:20:24,779: INFO: common: yaml file: schema.yaml loaded successfully]
[2026-03-28 16:20:24,780: INFO: common: created directory at: artifacts]
[2026-03-28 16:20:24,781: INFO: common: created directory at: artifacts/data_ingestion]
[2026-03-28 16:20:25,822: INFO: data_ingestion: artifacts/data_ingestion/data.zip download! with following info: 
Connection: close
Content-Length: 23329
Cache-Control: max-age=300
Content-Security-Policy: default-src 'none'; style-src 'unsafe-inline'; sandbox
Content-Type: application/zip
ETag: "c69888a4ae59bc5a893392785a938ccd4937981c06ba8a9d6a21aa52b4ab5b6e"
Strict-Transport-Security: max-age=31536000
X-Content-Type-Options: nosniff
X-Frame-Options: deny
X-XSS-Protection: 1; mode=block
X-GitHub-Request-Id: C1F0:79776:6C2197:7C8DED:69C7B273
Accept-Ranges: bytes
Date: Sat, 28 Mar 2026 10:50:27 GMT
Via: 1.1 varnish
X-Served-By: cache-del-vibw2260030-DEL
X-Cache: MISS
X-Cache-Hits: 0
X-Timer: S1774695028.535017,VS0,VE290
Vary: Authorization,Accept-Encoding
Access-Control-Allow-Origin: *
Cross-Origin-Resource-Policy: cross-origin
X-Fastly-Request-ID: 6918d5213ca1bb22cdb8c808f45e22c52aa30a89
Expires: Sat, 28 Mar 2026 10:55:27 GMT
Source-Age: 0

]
[2026-03-28 16:20:25,850: INFO: main: >>>>>> stage Data Ingestion stage completed <<<<<<

x==========x]
[2026-03-28 17:24:35,546: INFO: common: yaml file: config\config.yaml loaded successfully]
[2026-03-28 17:24:35,564: INFO: common: yaml file: params.yaml loaded successfully]
[2026-03-28 17:24:35,570: INFO: common: yaml file: schema.yaml loaded successfully]
[2026-03-28 17:24:35,579: INFO: common: created directory at: artifacts]
[2026-03-28 17:24:35,587: INFO: common: created directory at: artifacts/data_validation]
[2026-03-28 18:09:11,476: INFO: main: >>>>>> stage Data Ingestion stage started <<<<<<]
[2026-03-28 18:09:11,502: INFO: common: yaml file: config\config.yaml loaded successfully]
[2026-03-28 18:09:11,503: INFO: common: yaml file: params.yaml loaded successfully]
[2026-03-28 18:09:11,506: INFO: common: yaml file: schema.yaml loaded successfully]
[2026-03-28 18:09:11,508: INFO: common: created directory at: artifacts]
[2026-03-28 18:09:11,509: INFO: common: created directory at: artifacts/data_ingestion]
[2026-03-28 18:09:11,509: INFO: data_ingestion: File already exists]
[2026-03-28 18:09:11,517: INFO: main: >>>>>> stage Data Ingestion stage completed <<<<<<

x==========x]
[2026-03-28 18:09:11,518: INFO: main: >>>>>> stage Data Validation stage started <<<<<<]
[2026-03-28 18:09:11,523: INFO: common: yaml file: config\config.yaml loaded successfully]
[2026-03-28 18:09:11,524: INFO: common: yaml file: params.yaml loaded successfully]
[2026-03-28 18:09:11,526: INFO: common: yaml file: schema.yaml loaded successfully]
[2026-03-28 18:09:11,527: INFO: common: created directory at: artifacts]
[2026-03-28 18:09:11,528: INFO: common: created directory at: artifacts/data_validation]
[2026-03-28 18:09:11,555: INFO: main: >>>>>> stage Data Validation stage completed <<<<<<

x==========x]
[2026-03-28 19:08:56,284: INFO: common: yaml file: config\config.yaml loaded successfully]
[2026-03-28 19:08:56,313: INFO: common: yaml file: params.yaml loaded successfully]
[2026-03-28 19:08:56,317: INFO: common: yaml file: schema.yaml loaded successfully]
[2026-03-28 19:08:56,319: INFO: common: created directory at: artifacts]
[2026-03-28 19:08:56,321: INFO: common: created directory at: artifacts/data_transformation]
[2026-03-28 19:08:56,456: INFO: 2148425976: Splited data into training and test sets]
[2026-03-28 19:08:56,456: INFO: 2148425976: (1199, 12)]
[2026-03-28 19:08:56,463: INFO: 2148425976: (400, 12)]
[2026-03-28 19:35:09,883: INFO: main: >>>>>> stage Data Ingestion stage started <<<<<<]
[2026-03-28 19:35:09,903: INFO: common: yaml file: config\config.yaml loaded successfully]
[2026-03-28 19:35:09,924: INFO: common: yaml file: params.yaml loaded successfully]
[2026-03-28 19:35:09,924: INFO: common: yaml file: schema.yaml loaded successfully]
[2026-03-28 19:35:09,935: INFO: common: created directory at: artifacts]
[2026-03-28 19:35:09,935: INFO: common: created directory at: artifacts/data_ingestion]
[2026-03-28 19:35:09,935: INFO: data_ingestion: File already exists]
[2026-03-28 19:35:10,004: INFO: main: >>>>>> stage Data Ingestion stage completed <<<<<<

x==========x]
[2026-03-28 19:35:10,004: INFO: main: >>>>>> stage Data Validation stage started <<<<<<]
[2026-03-28 19:35:10,009: INFO: common: yaml file: config\config.yaml loaded successfully]
[2026-03-28 19:35:10,009: INFO: common: yaml file: params.yaml loaded successfully]
[2026-03-28 19:35:10,014: INFO: common: yaml file: schema.yaml loaded successfully]
[2026-03-28 19:35:10,016: INFO: common: created directory at: artifacts]
[2026-03-28 19:35:10,017: INFO: common: created directory at: artifacts/data_validation]
[2026-03-28 19:35:10,189: INFO: main: >>>>>> stage Data Validation stage completed <<<<<<

x==========x]
[2026-03-28 19:35:10,189: INFO: main: >>>>>> stage Data Transformation stage started <<<<<<]
[2026-03-28 19:35:10,199: INFO: common: yaml file: config\config.yaml loaded successfully]
[2026-03-28 19:35:10,203: INFO: common: yaml file: params.yaml loaded successfully]
[2026-03-28 19:35:10,205: INFO: common: yaml file: schema.yaml loaded successfully]
[2026-03-28 19:35:10,205: INFO: common: created directory at: artifacts]
[2026-03-28 19:35:10,205: INFO: main: >>>>>> stage Data Transformation stage completed <<<<<<

x==========x]
[2026-03-28 19:35:15,606: INFO: main: >>>>>> stage Data Ingestion stage started <<<<<<]
[2026-03-28 19:35:15,609: INFO: common: yaml file: config\config.yaml loaded successfully]
[2026-03-28 19:35:15,609: INFO: common: yaml file: params.yaml loaded successfully]
[2026-03-28 19:35:15,614: INFO: common: yaml file: schema.yaml loaded successfully]
[2026-03-28 19:35:15,614: INFO: common: created directory at: artifacts]
[2026-03-28 19:35:15,614: INFO: common: created directory at: artifacts/data_ingestion]
[2026-03-28 19:35:15,614: INFO: data_ingestion: File already exists]
[2026-03-28 19:35:15,621: INFO: main: >>>>>> stage Data Ingestion stage completed <<<<<<

x==========x]
[2026-03-28 19:35:15,621: INFO: main: >>>>>> stage Data Validation stage started <<<<<<]
[2026-03-28 19:35:15,625: INFO: common: yaml file: config\config.yaml loaded successfully]
[2026-03-28 19:35:15,625: INFO: common: yaml file: params.yaml loaded successfully]
[2026-03-28 19:35:15,631: INFO: common: yaml file: schema.yaml loaded successfully]
[2026-03-28 19:35:15,631: INFO: common: created directory at: artifacts]
[2026-03-28 19:35:15,634: INFO: common: created directory at: artifacts/data_validation]
[2026-03-28 19:35:15,664: INFO: main: >>>>>> stage Data Validation stage completed <<<<<<

x==========x]
[2026-03-28 19:35:15,664: INFO: main: >>>>>> stage Data Transformation stage started <<<<<<]
[2026-03-28 19:35:15,672: INFO: common: yaml file: config\config.yaml loaded successfully]
[2026-03-28 19:35:15,672: INFO: common: yaml file: params.yaml loaded successfully]
[2026-03-28 19:35:15,679: INFO: common: yaml file: schema.yaml loaded successfully]
[2026-03-28 19:35:15,680: INFO: common: created directory at: artifacts]
[2026-03-28 19:35:15,681: INFO: main: >>>>>> stage Data Transformation stage completed <<<<<<

x==========x]
[2026-03-28 20:17:05,095: INFO: common: yaml file: config\config.yaml loaded successfully]
[2026-03-28 20:17:05,162: INFO: common: yaml file: params.yaml loaded successfully]
[2026-03-28 20:17:05,170: INFO: common: yaml file: schema.yaml loaded successfully]
[2026-03-28 20:17:05,185: INFO: common: created directory at: artifacts]
[2026-03-28 20:17:05,191: INFO: common: created directory at: artifacts/model_trainer]
[2026-03-28 20:22:50,412: INFO: main: >>>>>> stage Data Ingestion stage started <<<<<<]
[2026-03-28 20:22:50,417: INFO: common: yaml file: config\config.yaml loaded successfully]
[2026-03-28 20:22:50,421: INFO: common: yaml file: params.yaml loaded successfully]
[2026-03-28 20:22:50,421: INFO: common: yaml file: schema.yaml loaded successfully]
[2026-03-28 20:22:50,421: INFO: common: created directory at: artifacts]
[2026-03-28 20:22:50,426: INFO: common: created directory at: artifacts/data_ingestion]
[2026-03-28 20:22:50,426: INFO: data_ingestion: File already exists]
[2026-03-28 20:22:50,485: INFO: main: >>>>>> stage Data Ingestion stage completed <<<<<<

x==========x]
[2026-03-28 20:22:50,485: INFO: main: >>>>>> stage Data Validation stage started <<<<<<]
[2026-03-28 20:22:50,487: INFO: common: yaml file: config\config.yaml loaded successfully]
[2026-03-28 20:22:50,493: INFO: common: yaml file: params.yaml loaded successfully]
[2026-03-28 20:22:50,498: INFO: common: yaml file: schema.yaml loaded successfully]
[2026-03-28 20:22:50,501: INFO: common: created directory at: artifacts]
[2026-03-28 20:22:50,501: INFO: common: created directory at: artifacts/data_validation]
[2026-03-28 20:22:50,545: INFO: main: >>>>>> stage Data Validation stage completed <<<<<<

x==========x]
[2026-03-28 20:22:50,546: INFO: main: >>>>>> stage Data Transformation stage started <<<<<<]
[2026-03-28 20:22:50,553: INFO: common: yaml file: config\config.yaml loaded successfully]
[2026-03-28 20:22:50,555: INFO: common: yaml file: params.yaml loaded successfully]
[2026-03-28 20:22:50,561: INFO: common: yaml file: schema.yaml loaded successfully]
[2026-03-28 20:22:50,561: INFO: common: created directory at: artifacts]
[2026-03-28 20:22:50,561: INFO: main: >>>>>> stage Data Transformation stage completed <<<<<<

x==========x]
[2026-03-28 20:22:50,561: INFO: main: >>>>>> stage Model Trainer stage started <<<<<<]
[2026-03-28 20:22:50,570: INFO: common: yaml file: config\config.yaml loaded successfully]
[2026-03-28 20:22:50,570: INFO: common: yaml file: params.yaml loaded successfully]
[2026-03-28 20:22:50,570: INFO: common: yaml file: schema.yaml loaded successfully]
[2026-03-28 20:22:50,576: INFO: common: created directory at: artifacts]
[2026-03-28 20:22:50,576: ERROR: main: 'ConfigurationManager' object has no attribute 'get_model_trainer_config']
Traceback (most recent call last):
  File "h:\mlops_project\DATA_SCIENCE_PROJECT\main.py", line 52, in <module>
    data_ingestion.initiate_model_training()
  File "h:\mlops_project\DATA_SCIENCE_PROJECT\src\datascience\pipeline\model_trainer_pipeline.py", line 14, in initiate_model_training
    model_trainer_config = config.get_model_trainer_config()
                           ^^^^^^^^^^^^^^^^^^^^^^^^^^^^^^^
AttributeError: 'ConfigurationManager' object has no attribute 'get_model_trainer_config'
[2026-03-28 20:23:18,093: INFO: main: >>>>>> stage Data Ingestion stage started <<<<<<]
[2026-03-28 20:23:18,105: INFO: common: yaml file: config\config.yaml loaded successfully]
[2026-03-28 20:23:18,105: INFO: common: yaml file: params.yaml loaded successfully]
[2026-03-28 20:23:18,111: INFO: common: yaml file: schema.yaml loaded successfully]
[2026-03-28 20:23:18,111: INFO: common: created directory at: artifacts]
[2026-03-28 20:23:18,111: INFO: common: created directory at: artifacts/data_ingestion]
[2026-03-28 20:23:18,111: INFO: data_ingestion: File already exists]
[2026-03-28 20:23:18,122: INFO: main: >>>>>> stage Data Ingestion stage completed <<<<<<

x==========x]
[2026-03-28 20:23:18,122: INFO: main: >>>>>> stage Data Validation stage started <<<<<<]
[2026-03-28 20:23:18,126: INFO: common: yaml file: config\config.yaml loaded successfully]
[2026-03-28 20:23:18,127: INFO: common: yaml file: params.yaml loaded successfully]
[2026-03-28 20:23:18,127: INFO: common: yaml file: schema.yaml loaded successfully]
[2026-03-28 20:23:18,127: INFO: common: created directory at: artifacts]
[2026-03-28 20:23:18,135: INFO: common: created directory at: artifacts/data_validation]
[2026-03-28 20:23:18,171: INFO: main: >>>>>> stage Data Validation stage completed <<<<<<

x==========x]
[2026-03-28 20:23:18,171: INFO: main: >>>>>> stage Data Transformation stage started <<<<<<]
[2026-03-28 20:23:18,171: INFO: common: yaml file: config\config.yaml loaded successfully]
[2026-03-28 20:23:18,171: INFO: common: yaml file: params.yaml loaded successfully]
[2026-03-28 20:23:18,184: INFO: common: yaml file: schema.yaml loaded successfully]
[2026-03-28 20:23:18,186: INFO: common: created directory at: artifacts]
[2026-03-28 20:23:18,188: INFO: common: created directory at: artifacts/data_transformation]
[2026-03-28 20:23:18,475: INFO: data_transformation: Splited data into training and test sets]
[2026-03-28 20:23:18,475: INFO: data_transformation: (1199, 12)]
[2026-03-28 20:23:18,475: INFO: data_transformation: (400, 12)]
[2026-03-28 20:23:18,475: INFO: main: >>>>>> stage Data Transformation stage completed <<<<<<

x==========x]
[2026-03-28 20:23:18,475: INFO: main: >>>>>> stage Model Trainer stage started <<<<<<]
[2026-03-28 20:23:18,485: INFO: common: yaml file: config\config.yaml loaded successfully]
[2026-03-28 20:23:18,485: INFO: common: yaml file: params.yaml loaded successfully]
[2026-03-28 20:23:18,492: INFO: common: yaml file: schema.yaml loaded successfully]
[2026-03-28 20:23:18,492: INFO: common: created directory at: artifacts]
[2026-03-28 20:23:18,492: INFO: common: created directory at: artifacts/model_trainer]
[2026-03-28 20:23:18,592: INFO: main: >>>>>> stage Model Trainer stage completed <<<<<<

x==========x]
[2026-03-28 20:24:01,920: INFO: main: >>>>>> stage Data Ingestion stage started <<<<<<]
[2026-03-28 20:24:01,926: INFO: common: yaml file: config\config.yaml loaded successfully]
[2026-03-28 20:24:01,926: INFO: common: yaml file: params.yaml loaded successfully]
[2026-03-28 20:24:01,930: INFO: common: yaml file: schema.yaml loaded successfully]
[2026-03-28 20:24:01,933: INFO: common: created directory at: artifacts]
[2026-03-28 20:24:01,934: INFO: common: created directory at: artifacts/data_ingestion]
[2026-03-28 20:24:01,934: INFO: data_ingestion: File already exists]
[2026-03-28 20:24:01,936: INFO: main: >>>>>> stage Data Ingestion stage completed <<<<<<

x==========x]
[2026-03-28 20:24:01,936: INFO: main: >>>>>> stage Data Validation stage started <<<<<<]
[2026-03-28 20:24:01,947: INFO: common: yaml file: config\config.yaml loaded successfully]
[2026-03-28 20:24:01,951: INFO: common: yaml file: params.yaml loaded successfully]
[2026-03-28 20:24:01,956: INFO: common: yaml file: schema.yaml loaded successfully]
[2026-03-28 20:24:01,956: INFO: common: created directory at: artifacts]
[2026-03-28 20:24:01,956: INFO: common: created directory at: artifacts/data_validation]
[2026-03-28 20:24:02,059: INFO: main: >>>>>> stage Data Validation stage completed <<<<<<

x==========x]
[2026-03-28 20:24:02,072: INFO: main: >>>>>> stage Data Transformation stage started <<<<<<]
[2026-03-28 20:24:02,116: INFO: common: yaml file: config\config.yaml loaded successfully]
[2026-03-28 20:24:02,116: INFO: common: yaml file: params.yaml loaded successfully]
[2026-03-28 20:24:02,116: INFO: common: yaml file: schema.yaml loaded successfully]
[2026-03-28 20:24:02,121: INFO: common: created directory at: artifacts]
[2026-03-28 20:24:02,121: INFO: common: created directory at: artifacts/data_transformation]
[2026-03-28 20:24:02,176: INFO: data_transformation: Splited data into training and test sets]
[2026-03-28 20:24:02,176: INFO: data_transformation: (1199, 12)]
[2026-03-28 20:24:02,176: INFO: data_transformation: (400, 12)]
[2026-03-28 20:24:02,178: INFO: main: >>>>>> stage Data Transformation stage completed <<<<<<

x==========x]
[2026-03-28 20:24:02,178: INFO: main: >>>>>> stage Model Trainer stage started <<<<<<]
[2026-03-28 20:24:02,186: INFO: common: yaml file: config\config.yaml loaded successfully]
[2026-03-28 20:24:02,188: INFO: common: yaml file: params.yaml loaded successfully]
[2026-03-28 20:24:02,188: INFO: common: yaml file: schema.yaml loaded successfully]
[2026-03-28 20:24:02,188: INFO: common: created directory at: artifacts]
[2026-03-28 20:24:02,188: INFO: common: created directory at: artifacts/model_trainer]
[2026-03-28 20:24:02,306: INFO: main: >>>>>> stage Model Trainer stage completed <<<<<<

x==========x]
